<?xml version="1.0" encoding="UTF-8"?>
<robot generator="Robot 6.1.1 (Python 3.13.1 on win32)" generated="20251119 20:26:05.309" rpa="false" schemaversion="4">
<suite id="s1" name="Tests" source="G:\MUISTIINPANOT\Opiskelu\Ohjelmistotuotanto\palautusrepolainen\osa3\login-robot\src\tests">
<suite id="s1-s1" name="Login" source="G:\MUISTIINPANOT\Opiskelu\Ohjelmistotuotanto\palautusrepolainen\osa3\login-robot\src\tests\login.robot">
<test id="s1-s1-t1" name="Login With Correct Credentials" line="6">
<kw name="Create User And Input Login Command" type="SETUP">
<kw name="Create User" library="AppLibrary">
<arg>kalle</arg>
<arg>kalle123</arg>
<status status="PASS" starttime="20251119 20:26:05.341" endtime="20251119 20:26:05.342"/>
</kw>
<kw name="Input Login Command" library="resource">
<kw name="Input" library="AppLibrary">
<arg>login</arg>
<status status="PASS" starttime="20251119 20:26:05.342" endtime="20251119 20:26:05.342"/>
</kw>
<status status="PASS" starttime="20251119 20:26:05.342" endtime="20251119 20:26:05.342"/>
</kw>
<status status="PASS" starttime="20251119 20:26:05.341" endtime="20251119 20:26:05.342"/>
</kw>
<kw name="Input Credentials" library="resource">
<arg>kalle</arg>
<arg>kalle123</arg>
<kw name="Input" library="AppLibrary">
<arg>${username}</arg>
<status status="PASS" starttime="20251119 20:26:05.342" endtime="20251119 20:26:05.342"/>
</kw>
<kw name="Input" library="AppLibrary">
<arg>${password}</arg>
<status status="PASS" starttime="20251119 20:26:05.342" endtime="20251119 20:26:05.343"/>
</kw>
<kw name="Run Application" library="AppLibrary">
<status status="PASS" starttime="20251119 20:26:05.343" endtime="20251119 20:26:05.343"/>
</kw>
<status status="PASS" starttime="20251119 20:26:05.342" endtime="20251119 20:26:05.343"/>
</kw>
<kw name="Output Should Contain" library="AppLibrary">
<arg>Logged in</arg>
<status status="PASS" starttime="20251119 20:26:05.343" endtime="20251119 20:26:05.343"/>
</kw>
<status status="PASS" starttime="20251119 20:26:05.341" endtime="20251119 20:26:05.343"/>
</test>
<test id="s1-s1-t2" name="Login With Incorrect Password" line="11">
<kw name="Create User And Input Login Command" type="SETUP">
<kw name="Create User" library="AppLibrary">
<arg>kalle</arg>
<arg>kalle123</arg>
<status status="PASS" starttime="20251119 20:26:05.344" endtime="20251119 20:26:05.345"/>
</kw>
<kw name="Input Login Command" library="resource">
<kw name="Input" library="AppLibrary">
<arg>login</arg>
<status status="PASS" starttime="20251119 20:26:05.345" endtime="20251119 20:26:05.345"/>
</kw>
<status status="PASS" starttime="20251119 20:26:05.345" endtime="20251119 20:26:05.345"/>
</kw>
<status status="PASS" starttime="20251119 20:26:05.344" endtime="20251119 20:26:05.345"/>
</kw>
<kw name="Input Credentials" library="resource">
<arg>kalle</arg>
<arg>vääräsalasana</arg>
<kw name="Input" library="AppLibrary">
<arg>${username}</arg>
<status status="PASS" starttime="20251119 20:26:05.345" endtime="20251119 20:26:05.345"/>
</kw>
<kw name="Input" library="AppLibrary">
<arg>${password}</arg>
<status status="PASS" starttime="20251119 20:26:05.345" endtime="20251119 20:26:05.345"/>
</kw>
<kw name="Run Application" library="AppLibrary">
<status status="PASS" starttime="20251119 20:26:05.345" endtime="20251119 20:26:05.345"/>
</kw>
<status status="PASS" starttime="20251119 20:26:05.345" endtime="20251119 20:26:05.345"/>
</kw>
<kw name="Output Should Contain" library="AppLibrary">
<arg>Invalid username or password</arg>
<status status="PASS" starttime="20251119 20:26:05.346" endtime="20251119 20:26:05.346"/>
</kw>
<status status="PASS" starttime="20251119 20:26:05.344" endtime="20251119 20:26:05.346"/>
</test>
<test id="s1-s1-t3" name="Login With Nonexistent Username" line="16">
<kw name="Create User And Input Login Command" type="SETUP">
<kw name="Create User" library="AppLibrary">
<arg>kalle</arg>
<arg>kalle123</arg>
<status status="PASS" starttime="20251119 20:26:05.347" endtime="20251119 20:26:05.347"/>
</kw>
<kw name="Input Login Command" library="resource">
<kw name="Input" library="AppLibrary">
<arg>login</arg>
<status status="PASS" starttime="20251119 20:26:05.347" endtime="20251119 20:26:05.347"/>
</kw>
<status status="PASS" starttime="20251119 20:26:05.347" endtime="20251119 20:26:05.347"/>
</kw>
<status status="PASS" starttime="20251119 20:26:05.347" endtime="20251119 20:26:05.347"/>
</kw>
<kw name="Input Credentials" library="resource">
<arg>tuntematon</arg>
<arg>salasana</arg>
<kw name="Input" library="AppLibrary">
<arg>${username}</arg>
<status status="PASS" starttime="20251119 20:26:05.347" endtime="20251119 20:26:05.347"/>
</kw>
<kw name="Input" library="AppLibrary">
<arg>${password}</arg>
<status status="PASS" starttime="20251119 20:26:05.348" endtime="20251119 20:26:05.348"/>
</kw>
<kw name="Run Application" library="AppLibrary">
<status status="PASS" starttime="20251119 20:26:05.348" endtime="20251119 20:26:05.348"/>
</kw>
<status status="PASS" starttime="20251119 20:26:05.347" endtime="20251119 20:26:05.348"/>
</kw>
<kw name="Output Should Contain" library="AppLibrary">
<arg>Invalid username or password</arg>
<status status="PASS" starttime="20251119 20:26:05.348" endtime="20251119 20:26:05.348"/>
</kw>
<status status="PASS" starttime="20251119 20:26:05.346" endtime="20251119 20:26:05.348"/>
</test>
<status status="PASS" starttime="20251119 20:26:05.333" endtime="20251119 20:26:05.349"/>
</suite>
<suite id="s1-s2" name="Register" source="G:\MUISTIINPANOT\Opiskelu\Ohjelmistotuotanto\palautusrepolainen\osa3\login-robot\src\tests\register.robot">
<test id="s1-s2-t1" name="Register With Valid Username And Password" line="8">
<kw name="Input New Command And Create User">
<arg>testi</arg>
<arg>testaaja!</arg>
<kw name="Input New Command" library="resource">
<kw name="Input" library="AppLibrary">
<arg>new</arg>
<status status="PASS" starttime="20251119 20:26:05.352" endtime="20251119 20:26:05.352"/>
</kw>
<status status="PASS" starttime="20251119 20:26:05.352" endtime="20251119 20:26:05.352"/>
</kw>
<kw name="Input" library="AppLibrary">
<arg>${username}</arg>
<status status="PASS" starttime="20251119 20:26:05.353" endtime="20251119 20:26:05.353"/>
</kw>
<kw name="Input" library="AppLibrary">
<arg>${password}</arg>
<status status="PASS" starttime="20251119 20:26:05.353" endtime="20251119 20:26:05.353"/>
</kw>
<kw name="Run Application" library="AppLibrary">
<status status="PASS" starttime="20251119 20:26:05.353" endtime="20251119 20:26:05.353"/>
</kw>
<status status="PASS" starttime="20251119 20:26:05.352" endtime="20251119 20:26:05.353"/>
</kw>
<kw name="Output Should Contain" library="AppLibrary">
<arg>New user registered</arg>
<status status="PASS" starttime="20251119 20:26:05.354" endtime="20251119 20:26:05.354"/>
</kw>
<status status="PASS" starttime="20251119 20:26:05.352" endtime="20251119 20:26:05.354"/>
</test>
<test id="s1-s2-t2" name="Register With Already Taken Username And Valid Password" line="12">
<kw name="Input New Command" library="resource">
<kw name="Input" library="AppLibrary">
<arg>new</arg>
<status status="PASS" starttime="20251119 20:26:05.355" endtime="20251119 20:26:05.355"/>
</kw>
<status status="PASS" starttime="20251119 20:26:05.355" endtime="20251119 20:26:05.355"/>
</kw>
<kw name="Input" library="AppLibrary">
<arg>testi</arg>
<status status="PASS" starttime="20251119 20:26:05.355" endtime="20251119 20:26:05.355"/>
</kw>
<kw name="Input" library="AppLibrary">
<arg>testaaja!</arg>
<status status="PASS" starttime="20251119 20:26:05.355" endtime="20251119 20:26:05.355"/>
</kw>
<kw name="Input New Command" library="resource">
<kw name="Input" library="AppLibrary">
<arg>new</arg>
<status status="PASS" starttime="20251119 20:26:05.356" endtime="20251119 20:26:05.356"/>
</kw>
<status status="PASS" starttime="20251119 20:26:05.355" endtime="20251119 20:26:05.356"/>
</kw>
<kw name="Input" library="AppLibrary">
<arg>testi</arg>
<status status="PASS" starttime="20251119 20:26:05.356" endtime="20251119 20:26:05.356"/>
</kw>
<kw name="Input" library="AppLibrary">
<arg>testaaja!</arg>
<status status="PASS" starttime="20251119 20:26:05.356" endtime="20251119 20:26:05.356"/>
</kw>
<kw name="Run Application" library="AppLibrary">
<status status="PASS" starttime="20251119 20:26:05.356" endtime="20251119 20:26:05.356"/>
</kw>
<kw name="Output Should Contain" library="AppLibrary">
<arg>New user registered</arg>
<status status="PASS" starttime="20251119 20:26:05.356" endtime="20251119 20:26:05.357"/>
</kw>
<kw name="Output Should Contain" library="AppLibrary">
<arg>User with username testi already exists</arg>
<status status="PASS" starttime="20251119 20:26:05.357" endtime="20251119 20:26:05.357"/>
</kw>
<status status="PASS" starttime="20251119 20:26:05.354" endtime="20251119 20:26:05.357"/>
</test>
<test id="s1-s2-t3" name="Register With Too Short Username And Valid Password" line="24">
<kw name="Input New Command And Create User">
<arg>ab</arg>
<arg>testaaja!</arg>
<kw name="Input New Command" library="resource">
<kw name="Input" library="AppLibrary">
<arg>new</arg>
<status status="PASS" starttime="20251119 20:26:05.358" endtime="20251119 20:26:05.358"/>
</kw>
<status status="PASS" starttime="20251119 20:26:05.358" endtime="20251119 20:26:05.358"/>
</kw>
<kw name="Input" library="AppLibrary">
<arg>${username}</arg>
<status status="PASS" starttime="20251119 20:26:05.358" endtime="20251119 20:26:05.358"/>
</kw>
<kw name="Input" library="AppLibrary">
<arg>${password}</arg>
<status status="PASS" starttime="20251119 20:26:05.358" endtime="20251119 20:26:05.358"/>
</kw>
<kw name="Run Application" library="AppLibrary">
<status status="PASS" starttime="20251119 20:26:05.359" endtime="20251119 20:26:05.359"/>
</kw>
<status status="PASS" starttime="20251119 20:26:05.358" endtime="20251119 20:26:05.359"/>
</kw>
<kw name="Output Should Contain" library="AppLibrary">
<arg>Username ab is not valid</arg>
<status status="PASS" starttime="20251119 20:26:05.359" endtime="20251119 20:26:05.359"/>
</kw>
<status status="PASS" starttime="20251119 20:26:05.358" endtime="20251119 20:26:05.359"/>
</test>
<test id="s1-s2-t4" name="Register With Enough Long But Invalid Username And Valid Password" line="28">
<kw name="Input New Command And Create User">
<arg>K00daR1</arg>
<arg>testaaja!</arg>
<kw name="Input New Command" library="resource">
<kw name="Input" library="AppLibrary">
<arg>new</arg>
<status status="PASS" starttime="20251119 20:26:05.360" endtime="20251119 20:26:05.360"/>
</kw>
<status status="PASS" starttime="20251119 20:26:05.360" endtime="20251119 20:26:05.360"/>
</kw>
<kw name="Input" library="AppLibrary">
<arg>${username}</arg>
<status status="PASS" starttime="20251119 20:26:05.360" endtime="20251119 20:26:05.360"/>
</kw>
<kw name="Input" library="AppLibrary">
<arg>${password}</arg>
<status status="PASS" starttime="20251119 20:26:05.360" endtime="20251119 20:26:05.360"/>
</kw>
<kw name="Run Application" library="AppLibrary">
<status status="PASS" starttime="20251119 20:26:05.360" endtime="20251119 20:26:05.361"/>
</kw>
<status status="PASS" starttime="20251119 20:26:05.360" endtime="20251119 20:26:05.361"/>
</kw>
<kw name="Output Should Contain" library="AppLibrary">
<arg>Username K00daR1 is not valid</arg>
<status status="PASS" starttime="20251119 20:26:05.361" endtime="20251119 20:26:05.361"/>
</kw>
<status status="PASS" starttime="20251119 20:26:05.360" endtime="20251119 20:26:05.361"/>
</test>
<test id="s1-s2-t5" name="Register With Valid Username And Too Short Password" line="32">
<kw name="Input New Command And Create User">
<arg>koodari</arg>
<arg>ab12!</arg>
<kw name="Input New Command" library="resource">
<kw name="Input" library="AppLibrary">
<arg>new</arg>
<status status="PASS" starttime="20251119 20:26:05.362" endtime="20251119 20:26:05.362"/>
</kw>
<status status="PASS" starttime="20251119 20:26:05.362" endtime="20251119 20:26:05.362"/>
</kw>
<kw name="Input" library="AppLibrary">
<arg>${username}</arg>
<status status="PASS" starttime="20251119 20:26:05.362" endtime="20251119 20:26:05.362"/>
</kw>
<kw name="Input" library="AppLibrary">
<arg>${password}</arg>
<status status="PASS" starttime="20251119 20:26:05.363" endtime="20251119 20:26:05.363"/>
</kw>
<kw name="Run Application" library="AppLibrary">
<status status="PASS" starttime="20251119 20:26:05.363" endtime="20251119 20:26:05.363"/>
</kw>
<status status="PASS" starttime="20251119 20:26:05.362" endtime="20251119 20:26:05.363"/>
</kw>
<kw name="Output Should Contain" library="AppLibrary">
<arg>Password ab12! is not valid</arg>
<status status="PASS" starttime="20251119 20:26:05.363" endtime="20251119 20:26:05.363"/>
</kw>
<status status="PASS" starttime="20251119 20:26:05.362" endtime="20251119 20:26:05.363"/>
</test>
<test id="s1-s2-t6" name="Register With Valid Username And Long Enough Password Containing Only Letters" line="36">
<kw name="Input New Command And Create User">
<arg>koodari</arg>
<arg>abcdefghijkl</arg>
<kw name="Input New Command" library="resource">
<kw name="Input" library="AppLibrary">
<arg>new</arg>
<status status="PASS" starttime="20251119 20:26:05.364" endtime="20251119 20:26:05.364"/>
</kw>
<status status="PASS" starttime="20251119 20:26:05.364" endtime="20251119 20:26:05.364"/>
</kw>
<kw name="Input" library="AppLibrary">
<arg>${username}</arg>
<status status="PASS" starttime="20251119 20:26:05.364" endtime="20251119 20:26:05.364"/>
</kw>
<kw name="Input" library="AppLibrary">
<arg>${password}</arg>
<status status="PASS" starttime="20251119 20:26:05.364" endtime="20251119 20:26:05.365"/>
</kw>
<kw name="Run Application" library="AppLibrary">
<status status="PASS" starttime="20251119 20:26:05.365" endtime="20251119 20:26:05.365"/>
</kw>
<status status="PASS" starttime="20251119 20:26:05.364" endtime="20251119 20:26:05.365"/>
</kw>
<kw name="Output Should Contain" library="AppLibrary">
<arg>Password abcdefghijkl is not valid</arg>
<status status="PASS" starttime="20251119 20:26:05.365" endtime="20251119 20:26:05.365"/>
</kw>
<status status="PASS" starttime="20251119 20:26:05.364" endtime="20251119 20:26:05.365"/>
</test>
<status status="PASS" starttime="20251119 20:26:05.350" endtime="20251119 20:26:05.366"/>
</suite>
<status status="PASS" starttime="20251119 20:26:05.310" endtime="20251119 20:26:05.367"/>
</suite>
<statistics>
<total>
<stat pass="9" fail="0" skip="0">All Tests</stat>
</total>
<tag>
</tag>
<suite>
<stat pass="9" fail="0" skip="0" id="s1" name="Tests">Tests</stat>
<stat pass="3" fail="0" skip="0" id="s1-s1" name="Login">Tests.Login</stat>
<stat pass="6" fail="0" skip="0" id="s1-s2" name="Register">Tests.Register</stat>
</suite>
</statistics>
<errors>
</errors>
</robot>
